# JRE version: Java(TM) SE Runtime Environment 18.9 (11.0.10+8) (build 11.0.10+8-LTS-162)
# Java VM: Java HotSpot(TM) 64-Bit Server VM 18.9 (11.0.10+8-LTS-162, mixed mode, tiered, compressed oops, g1 gc, windows-amd64)
Heap:
 garbage-first heap   total 189440K, used 52808K [0x0000000081000000, 0x0000000100000000)
  region size 1024K, 34 young (34816K), 8 survivors (8192K)
 Metaspace       used 50927K, capacity 52434K, committed 52560K, reserved 1095680K
  class space    used 6457K, capacity 7049K, committed 7116K, reserved 1048576K
GC Heap History (10 events):
Event: 2.231 GC heap before
{Heap before GC invocations=5 (full 0):
 garbage-first heap   total 131072K, used 83961K [0x0000000081000000, 0x0000000100000000)
  region size 1024K, 76 young (77824K), 5 survivors (5120K)
 Metaspace       used 26382K, capacity 27333K, committed 27644K, reserved 1073152K
  class space    used 3173K, capacity 3546K, committed 3660K, reserved 1048576K
}
Event: 2.239 GC heap after
{Heap after GC invocations=6 (full 0):
 garbage-first heap   total 157696K, used 13671K [0x0000000081000000, 0x0000000100000000)
  region size 1024K, 6 young (6144K), 6 survivors (6144K)
 Metaspace       used 26382K, capacity 27333K, committed 27644K, reserved 1073152K
  class space    used 3173K, capacity 3546K, committed 3660K, reserved 1048576K
}
Event: 3.160 GC heap before
{Heap before GC invocations=6 (full 0):
 garbage-first heap   total 157696K, used 101735K [0x0000000081000000, 0x0000000100000000)
  region size 1024K, 92 young (94208K), 6 survivors (6144K)
 Metaspace       used 33022K, capacity 34362K, committed 34684K, reserved 1079296K
  class space    used 4154K, capacity 4681K, committed 4812K, reserved 1048576K
}
Event: 3.175 GC heap after
{Heap after GC invocations=7 (full 0):
 garbage-first heap   total 157696K, used 18016K [0x0000000081000000, 0x0000000100000000)
  region size 1024K, 10 young (10240K), 10 survivors (10240K)
 Metaspace       used 33022K, capacity 34362K, committed 34684K, reserved 1079296K
  class space    used 4154K, capacity 4681K, committed 4812K, reserved 1048576K
}
Event: 3.324 GC heap before
{Heap before GC invocations=7 (full 0):
 garbage-first heap   total 157696K, used 33376K [0x0000000081000000, 0x0000000100000000)
  region size 1024K, 26 young (26624K), 10 survivors (10240K)
 Metaspace       used 34647K, capacity 35907K, committed 36048K, reserved 1081344K
  class space    used 4310K, capacity 4854K, committed 4940K, reserved 1048576K
}
Event: 3.337 GC heap after
{Heap after GC invocations=8 (full 0):
 garbage-first heap   total 157696K, used 19172K [0x0000000081000000, 0x0000000100000000)
  region size 1024K, 7 young (7168K), 7 survivors (7168K)
 Metaspace       used 34647K, capacity 35907K, committed 36048K, reserved 1081344K
  class space    used 4310K, capacity 4854K, committed 4940K, reserved 1048576K
}
Event: 3.755 GC heap before
{Heap before GC invocations=9 (full 0):
 garbage-first heap   total 157696K, used 98020K [0x0000000081000000, 0x0000000100000000)
  region size 1024K, 85 young (87040K), 7 survivors (7168K)
 Metaspace       used 38975K, capacity 40324K, committed 40528K, reserved 1085440K
  class space    used 4761K, capacity 5303K, committed 5324K, reserved 1048576K
}
Event: 3.761 GC heap after
{Heap after GC invocations=10 (full 0):
 garbage-first heap   total 157696K, used 21136K [0x0000000081000000, 0x0000000100000000)
  region size 1024K, 4 young (4096K), 4 survivors (4096K)
 Metaspace       used 38975K, capacity 40324K, committed 40528K, reserved 1085440K
  class space    used 4761K, capacity 5303K, committed 5324K, reserved 1048576K
}
Event: 4.236 GC heap before
{Heap before GC invocations=10 (full 0):
 garbage-first heap   total 157696K, used 106128K [0x0000000081000000, 0x0000000100000000)
  region size 1024K, 86 young (88064K), 4 survivors (4096K)
 Metaspace       used 47225K, capacity 48700K, committed 48976K, reserved 1091584K
  class space    used 5927K, capacity 6510K, committed 6604K, reserved 1048576K
}
Event: 4.242 GC heap after
{Heap after GC invocations=11 (full 0):
 garbage-first heap   total 189440K, used 27208K [0x0000000081000000, 0x0000000100000000)
  region size 1024K, 8 young (8192K), 8 survivors (8192K)
 Metaspace       used 47225K, capacity 48700K, committed 48976K, reserved 1091584K
  class space    used 5927K, capacity 6510K, committed 6604K, reserved 1048576K
}

